{"E:\\learn\\Javascript Hau on udemy\\Source\\Labs\\main.js": {"path":"E:\\learn\\Javascript Hau on udemy\\Source\\Labs\\main.js","statementMap":{"0":{"start":{"line":2,"column":29},"end":{"line":10,"column":1}},"1":{"start":{"line":3,"column":2},"end":{"line":3,"column":27}},"2":{"start":{"line":3,"column":14},"end":{"line":3,"column":27}},"3":{"start":{"line":5,"column":16},"end":{"line":5,"column":28}},"4":{"start":{"line":6,"column":2},"end":{"line":8,"column":3}},"5":{"start":{"line":6,"column":15},"end":{"line":6,"column":16}},"6":{"start":{"line":7,"column":4},"end":{"line":7,"column":34}},"7":{"start":{"line":7,"column":21},"end":{"line":7,"column":34}},"8":{"start":{"line":9,"column":2},"end":{"line":9,"column":14}},"9":{"start":{"line":20,"column":31},"end":{"line":34,"column":1}},"10":{"start":{"line":21,"column":2},"end":{"line":21,"column":42}},"11":{"start":{"line":21,"column":25},"end":{"line":21,"column":42}},"12":{"start":{"line":23,"column":2},"end":{"line":23,"column":26}},"13":{"start":{"line":23,"column":15},"end":{"line":23,"column":26}},"14":{"start":{"line":24,"column":16},"end":{"line":24,"column":28}},"15":{"start":{"line":25,"column":14},"end":{"line":25,"column":16}},"16":{"start":{"line":26,"column":2},"end":{"line":31,"column":3}},"17":{"start":{"line":26,"column":15},"end":{"line":26,"column":16}},"18":{"start":{"line":27,"column":4},"end":{"line":30,"column":5}},"19":{"start":{"line":28,"column":6},"end":{"line":28,"column":18}},"20":{"start":{"line":29,"column":6},"end":{"line":29,"column":43}},"21":{"start":{"line":29,"column":27},"end":{"line":29,"column":43}},"22":{"start":{"line":32,"column":2},"end":{"line":32,"column":28}},"23":{"start":{"line":32,"column":21},"end":{"line":32,"column":26}},"24":{"start":{"line":33,"column":2},"end":{"line":33,"column":13}},"25":{"start":{"line":35,"column":0},"end":{"line":35,"column":33}}},"fnMap":{"0":{"name":"(anonymous_0)","decl":{"start":{"line":2,"column":29},"end":{"line":2,"column":30}},"loc":{"start":{"line":2,"column":36},"end":{"line":10,"column":1}},"line":2},"1":{"name":"(anonymous_1)","decl":{"start":{"line":20,"column":31},"end":{"line":20,"column":32}},"loc":{"start":{"line":20,"column":38},"end":{"line":34,"column":1}},"line":20},"2":{"name":"(anonymous_2)","decl":{"start":{"line":32,"column":11},"end":{"line":32,"column":12}},"loc":{"start":{"line":32,"column":21},"end":{"line":32,"column":26}},"line":32}},"branchMap":{"0":{"loc":{"start":{"line":3,"column":2},"end":{"line":3,"column":27}},"type":"if","locations":[{"start":{"line":3,"column":2},"end":{"line":3,"column":27}},{"start":{"line":3,"column":2},"end":{"line":3,"column":27}}],"line":3},"1":{"loc":{"start":{"line":7,"column":4},"end":{"line":7,"column":34}},"type":"if","locations":[{"start":{"line":7,"column":4},"end":{"line":7,"column":34}},{"start":{"line":7,"column":4},"end":{"line":7,"column":34}}],"line":7},"2":{"loc":{"start":{"line":21,"column":2},"end":{"line":21,"column":42}},"type":"if","locations":[{"start":{"line":21,"column":2},"end":{"line":21,"column":42}},{"start":{"line":21,"column":2},"end":{"line":21,"column":42}}],"line":21},"3":{"loc":{"start":{"line":21,"column":6},"end":{"line":21,"column":23}},"type":"binary-expr","locations":[{"start":{"line":21,"column":6},"end":{"line":21,"column":12}},{"start":{"line":21,"column":16},"end":{"line":21,"column":23}}],"line":21},"4":{"loc":{"start":{"line":23,"column":2},"end":{"line":23,"column":26}},"type":"if","locations":[{"start":{"line":23,"column":2},"end":{"line":23,"column":26}},{"start":{"line":23,"column":2},"end":{"line":23,"column":26}}],"line":23},"5":{"loc":{"start":{"line":27,"column":4},"end":{"line":30,"column":5}},"type":"if","locations":[{"start":{"line":27,"column":4},"end":{"line":30,"column":5}},{"start":{"line":27,"column":4},"end":{"line":30,"column":5}}],"line":27},"6":{"loc":{"start":{"line":29,"column":6},"end":{"line":29,"column":43}},"type":"if","locations":[{"start":{"line":29,"column":6},"end":{"line":29,"column":43}},{"start":{"line":29,"column":6},"end":{"line":29,"column":43}}],"line":29}},"s":{"0":1,"1":9,"2":2,"3":7,"4":7,"5":7,"6":11,"7":4,"8":3,"9":1,"10":10,"11":3,"12":7,"13":2,"14":5,"15":5,"16":5,"17":5,"18":17,"19":10,"20":10,"21":10,"22":5,"23":30,"24":5,"25":1},"f":{"0":9,"1":10,"2":30},"b":{"0":[2,7],"1":[4,7],"2":[3,7],"3":[10,8],"4":[2,5],"5":[10,7],"6":[10,0]},"_coverageSchema":"1a1c01bbd47fc00a2c39e90264f33305004495a9","hash":"b7824303702b9dc9e986959c7ff98f779480158f"}
,"E:\\learn\\Javascript Hau on udemy\\Source\\Labs\\sum.js": {"path":"E:\\learn\\Javascript Hau on udemy\\Source\\Labs\\sum.js","statementMap":{"0":{"start":{"line":2,"column":2},"end":{"line":2,"column":15}}},"fnMap":{"0":{"name":"sum","decl":{"start":{"line":1,"column":16},"end":{"line":1,"column":19}},"loc":{"start":{"line":1,"column":26},"end":{"line":3,"column":1}},"line":1}},"branchMap":{},"s":{"0":3},"f":{"0":3},"b":{},"_coverageSchema":"1a1c01bbd47fc00a2c39e90264f33305004495a9","hash":"2309b3a3ec5c09bf4073cbb88eb51781741fb1e0"}
,"E:\\learn\\Javascript Hau on udemy\\Source\\Labs\\section10 unit test\\main.js": {"path":"E:\\learn\\Javascript Hau on udemy\\Source\\Labs\\section10 unit test\\main.js","statementMap":{"0":{"start":{"line":2,"column":22},"end":{"line":10,"column":1}},"1":{"start":{"line":3,"column":2},"end":{"line":3,"column":27}},"2":{"start":{"line":3,"column":14},"end":{"line":3,"column":27}},"3":{"start":{"line":5,"column":16},"end":{"line":5,"column":28}},"4":{"start":{"line":6,"column":2},"end":{"line":8,"column":3}},"5":{"start":{"line":6,"column":15},"end":{"line":6,"column":16}},"6":{"start":{"line":7,"column":4},"end":{"line":7,"column":34}},"7":{"start":{"line":7,"column":21},"end":{"line":7,"column":34}},"8":{"start":{"line":9,"column":2},"end":{"line":9,"column":14}}},"fnMap":{"0":{"name":"(anonymous_0)","decl":{"start":{"line":2,"column":22},"end":{"line":2,"column":23}},"loc":{"start":{"line":2,"column":29},"end":{"line":10,"column":1}},"line":2}},"branchMap":{"0":{"loc":{"start":{"line":3,"column":2},"end":{"line":3,"column":27}},"type":"if","locations":[{"start":{"line":3,"column":2},"end":{"line":3,"column":27}},{"start":{"line":3,"column":2},"end":{"line":3,"column":27}}],"line":3},"1":{"loc":{"start":{"line":7,"column":4},"end":{"line":7,"column":34}},"type":"if","locations":[{"start":{"line":7,"column":4},"end":{"line":7,"column":34}},{"start":{"line":7,"column":4},"end":{"line":7,"column":34}}],"line":7}},"s":{"0":1,"1":9,"2":2,"3":7,"4":7,"5":7,"6":11,"7":4,"8":3},"f":{"0":9},"b":{"0":[2,7],"1":[4,7]},"_coverageSchema":"1a1c01bbd47fc00a2c39e90264f33305004495a9","hash":"ad88ac03eb50ea9ed957ca8f5c0bf121a87d9eb0"}
,"E:\\learn\\Javascript Hau on udemy\\Source\\Labs\\section11 exercise\\array-check-07.js": {"path":"E:\\learn\\Javascript Hau on udemy\\Source\\Labs\\section11 exercise\\array-check-07.js","statementMap":{"0":{"start":{"line":11,"column":2},"end":{"line":11,"column":76}},"1":{"start":{"line":11,"column":63},"end":{"line":11,"column":76}},"2":{"start":{"line":13,"column":15},"end":{"line":13,"column":20}},"3":{"start":{"line":14,"column":2},"end":{"line":16,"column":5}},"4":{"start":{"line":15,"column":4},"end":{"line":15,"column":81}},"5":{"start":{"line":15,"column":67},"end":{"line":15,"column":81}},"6":{"start":{"line":17,"column":2},"end":{"line":17,"column":16}}},"fnMap":{"0":{"name":"hasAlice","decl":{"start":{"line":10,"column":16},"end":{"line":10,"column":24}},"loc":{"start":{"line":10,"column":38},"end":{"line":18,"column":1}},"line":10},"1":{"name":"(anonymous_1)","decl":{"start":{"line":14,"column":22},"end":{"line":14,"column":23}},"loc":{"start":{"line":14,"column":29},"end":{"line":16,"column":3}},"line":14}},"branchMap":{"0":{"loc":{"start":{"line":11,"column":2},"end":{"line":11,"column":76}},"type":"if","locations":[{"start":{"line":11,"column":2},"end":{"line":11,"column":76}},{"start":{"line":11,"column":2},"end":{"line":11,"column":76}}],"line":11},"1":{"loc":{"start":{"line":11,"column":6},"end":{"line":11,"column":61}},"type":"binary-expr","locations":[{"start":{"line":11,"column":6},"end":{"line":11,"column":33}},{"start":{"line":11,"column":37},"end":{"line":11,"column":61}}],"line":11},"2":{"loc":{"start":{"line":15,"column":4},"end":{"line":15,"column":81}},"type":"if","locations":[{"start":{"line":15,"column":4},"end":{"line":15,"column":81}},{"start":{"line":15,"column":4},"end":{"line":15,"column":81}}],"line":15},"3":{"loc":{"start":{"line":15,"column":8},"end":{"line":15,"column":65}},"type":"binary-expr","locations":[{"start":{"line":15,"column":8},"end":{"line":15,"column":40}},{"start":{"line":15,"column":44},"end":{"line":15,"column":65}}],"line":15}},"s":{"0":7,"1":3,"2":4,"3":4,"4":8,"5":2,"6":4},"f":{"0":7,"1":8},"b":{"0":[3,4],"1":[7,5],"2":[2,6],"3":[8,2]},"_coverageSchema":"1a1c01bbd47fc00a2c39e90264f33305004495a9","hash":"abcc6c3709dc09f50f1c259407b03bb56dc7c128"}
,"E:\\learn\\Javascript Hau on udemy\\Source\\Labs\\section11 exercise\\array-find-09.js": {"path":"E:\\learn\\Javascript Hau on udemy\\Source\\Labs\\section11 exercise\\array-find-09.js","statementMap":{"0":{"start":{"line":10,"column":2},"end":{"line":10,"column":73}},"1":{"start":{"line":10,"column":63},"end":{"line":10,"column":73}},"2":{"start":{"line":11,"column":2},"end":{"line":11,"column":31}},"3":{"start":{"line":11,"column":21},"end":{"line":11,"column":31}},"4":{"start":{"line":12,"column":2},"end":{"line":12,"column":56}},"5":{"start":{"line":12,"column":46},"end":{"line":12,"column":56}},"6":{"start":{"line":14,"column":14},"end":{"line":14,"column":16}},"7":{"start":{"line":15,"column":2},"end":{"line":17,"column":5}},"8":{"start":{"line":16,"column":4},"end":{"line":16,"column":46}},"9":{"start":{"line":16,"column":34},"end":{"line":16,"column":46}},"10":{"start":{"line":18,"column":2},"end":{"line":18,"column":15}},"11":{"start":{"line":23,"column":2},"end":{"line":23,"column":73}},"12":{"start":{"line":23,"column":63},"end":{"line":23,"column":73}},"13":{"start":{"line":24,"column":2},"end":{"line":24,"column":31}},"14":{"start":{"line":24,"column":21},"end":{"line":24,"column":31}},"15":{"start":{"line":25,"column":2},"end":{"line":25,"column":56}},"16":{"start":{"line":25,"column":46},"end":{"line":25,"column":56}},"17":{"start":{"line":27,"column":17},"end":{"line":27,"column":77}},"18":{"start":{"line":27,"column":52},"end":{"line":27,"column":76}},"19":{"start":{"line":28,"column":2},"end":{"line":28,"column":35}},"20":{"start":{"line":32,"column":2},"end":{"line":32,"column":73}},"21":{"start":{"line":32,"column":63},"end":{"line":32,"column":73}},"22":{"start":{"line":33,"column":2},"end":{"line":33,"column":31}},"23":{"start":{"line":33,"column":21},"end":{"line":33,"column":31}},"24":{"start":{"line":34,"column":2},"end":{"line":34,"column":56}},"25":{"start":{"line":34,"column":46},"end":{"line":34,"column":56}},"26":{"start":{"line":36,"column":2},"end":{"line":39,"column":9}},"27":{"start":{"line":37,"column":4},"end":{"line":37,"column":46}},"28":{"start":{"line":37,"column":34},"end":{"line":37,"column":46}},"29":{"start":{"line":38,"column":4},"end":{"line":38,"column":17}}},"fnMap":{"0":{"name":"findStudentById","decl":{"start":{"line":9,"column":16},"end":{"line":9,"column":31}},"loc":{"start":{"line":9,"column":56},"end":{"line":19,"column":1}},"line":9},"1":{"name":"(anonymous_1)","decl":{"start":{"line":15,"column":22},"end":{"line":15,"column":23}},"loc":{"start":{"line":15,"column":40},"end":{"line":17,"column":3}},"line":15},"2":{"name":"findStudentByIdV2","decl":{"start":{"line":22,"column":16},"end":{"line":22,"column":33}},"loc":{"start":{"line":22,"column":58},"end":{"line":29,"column":1}},"line":22},"3":{"name":"(anonymous_3)","decl":{"start":{"line":27,"column":39},"end":{"line":27,"column":40}},"loc":{"start":{"line":27,"column":52},"end":{"line":27,"column":76}},"line":27},"4":{"name":"findStudentByIdV3","decl":{"start":{"line":31,"column":16},"end":{"line":31,"column":33}},"loc":{"start":{"line":31,"column":58},"end":{"line":40,"column":1}},"line":31},"5":{"name":"(anonymous_5)","decl":{"start":{"line":36,"column":28},"end":{"line":36,"column":29}},"loc":{"start":{"line":36,"column":53},"end":{"line":39,"column":3}},"line":36}},"branchMap":{"0":{"loc":{"start":{"line":10,"column":2},"end":{"line":10,"column":73}},"type":"if","locations":[{"start":{"line":10,"column":2},"end":{"line":10,"column":73}},{"start":{"line":10,"column":2},"end":{"line":10,"column":73}}],"line":10},"1":{"loc":{"start":{"line":10,"column":6},"end":{"line":10,"column":61}},"type":"binary-expr","locations":[{"start":{"line":10,"column":6},"end":{"line":10,"column":33}},{"start":{"line":10,"column":37},"end":{"line":10,"column":61}}],"line":10},"2":{"loc":{"start":{"line":11,"column":2},"end":{"line":11,"column":31}},"type":"if","locations":[{"start":{"line":11,"column":2},"end":{"line":11,"column":31}},{"start":{"line":11,"column":2},"end":{"line":11,"column":31}}],"line":11},"3":{"loc":{"start":{"line":12,"column":2},"end":{"line":12,"column":56}},"type":"if","locations":[{"start":{"line":12,"column":2},"end":{"line":12,"column":56}},{"start":{"line":12,"column":2},"end":{"line":12,"column":56}}],"line":12},"4":{"loc":{"start":{"line":12,"column":6},"end":{"line":12,"column":44}},"type":"binary-expr","locations":[{"start":{"line":12,"column":6},"end":{"line":12,"column":23}},{"start":{"line":12,"column":27},"end":{"line":12,"column":44}}],"line":12},"5":{"loc":{"start":{"line":16,"column":4},"end":{"line":16,"column":46}},"type":"if","locations":[{"start":{"line":16,"column":4},"end":{"line":16,"column":46}},{"start":{"line":16,"column":4},"end":{"line":16,"column":46}}],"line":16},"6":{"loc":{"start":{"line":23,"column":2},"end":{"line":23,"column":73}},"type":"if","locations":[{"start":{"line":23,"column":2},"end":{"line":23,"column":73}},{"start":{"line":23,"column":2},"end":{"line":23,"column":73}}],"line":23},"7":{"loc":{"start":{"line":23,"column":6},"end":{"line":23,"column":61}},"type":"binary-expr","locations":[{"start":{"line":23,"column":6},"end":{"line":23,"column":33}},{"start":{"line":23,"column":37},"end":{"line":23,"column":61}}],"line":23},"8":{"loc":{"start":{"line":24,"column":2},"end":{"line":24,"column":31}},"type":"if","locations":[{"start":{"line":24,"column":2},"end":{"line":24,"column":31}},{"start":{"line":24,"column":2},"end":{"line":24,"column":31}}],"line":24},"9":{"loc":{"start":{"line":25,"column":2},"end":{"line":25,"column":56}},"type":"if","locations":[{"start":{"line":25,"column":2},"end":{"line":25,"column":56}},{"start":{"line":25,"column":2},"end":{"line":25,"column":56}}],"line":25},"10":{"loc":{"start":{"line":25,"column":6},"end":{"line":25,"column":44}},"type":"binary-expr","locations":[{"start":{"line":25,"column":6},"end":{"line":25,"column":23}},{"start":{"line":25,"column":27},"end":{"line":25,"column":44}}],"line":25},"11":{"loc":{"start":{"line":28,"column":9},"end":{"line":28,"column":34}},"type":"cond-expr","locations":[{"start":{"line":28,"column":23},"end":{"line":28,"column":29}},{"start":{"line":28,"column":32},"end":{"line":28,"column":34}}],"line":28},"12":{"loc":{"start":{"line":32,"column":2},"end":{"line":32,"column":73}},"type":"if","locations":[{"start":{"line":32,"column":2},"end":{"line":32,"column":73}},{"start":{"line":32,"column":2},"end":{"line":32,"column":73}}],"line":32},"13":{"loc":{"start":{"line":32,"column":6},"end":{"line":32,"column":61}},"type":"binary-expr","locations":[{"start":{"line":32,"column":6},"end":{"line":32,"column":33}},{"start":{"line":32,"column":37},"end":{"line":32,"column":61}}],"line":32},"14":{"loc":{"start":{"line":33,"column":2},"end":{"line":33,"column":31}},"type":"if","locations":[{"start":{"line":33,"column":2},"end":{"line":33,"column":31}},{"start":{"line":33,"column":2},"end":{"line":33,"column":31}}],"line":33},"15":{"loc":{"start":{"line":34,"column":2},"end":{"line":34,"column":56}},"type":"if","locations":[{"start":{"line":34,"column":2},"end":{"line":34,"column":56}},{"start":{"line":34,"column":2},"end":{"line":34,"column":56}}],"line":34},"16":{"loc":{"start":{"line":34,"column":6},"end":{"line":34,"column":44}},"type":"binary-expr","locations":[{"start":{"line":34,"column":6},"end":{"line":34,"column":23}},{"start":{"line":34,"column":27},"end":{"line":34,"column":44}}],"line":34},"17":{"loc":{"start":{"line":37,"column":4},"end":{"line":37,"column":46}},"type":"if","locations":[{"start":{"line":37,"column":4},"end":{"line":37,"column":46}},{"start":{"line":37,"column":4},"end":{"line":37,"column":46}}],"line":37}},"s":{"0":10,"1":5,"2":5,"3":0,"4":5,"5":0,"6":5,"7":5,"8":10,"9":2,"10":5,"11":10,"12":5,"13":5,"14":0,"15":5,"16":0,"17":5,"18":9,"19":5,"20":10,"21":5,"22":5,"23":0,"24":5,"25":0,"26":5,"27":10,"28":2,"29":10},"f":{"0":10,"1":10,"2":10,"3":9,"4":10,"5":10},"b":{"0":[5,5],"1":[10,8],"2":[0,5],"3":[0,5],"4":[5,0],"5":[2,8],"6":[5,5],"7":[10,8],"8":[0,5],"9":[0,5],"10":[5,0],"11":[2,3],"12":[5,5],"13":[10,8],"14":[0,5],"15":[0,5],"16":[5,0],"17":[2,8]},"_coverageSchema":"1a1c01bbd47fc00a2c39e90264f33305004495a9","hash":"e4baf403fcb25b6bba8682497aca55d07a75b212"}
,"E:\\learn\\Javascript Hau on udemy\\Source\\Labs\\section11 exercise\\string-02.js": {"path":"E:\\learn\\Javascript Hau on udemy\\Source\\Labs\\section11 exercise\\string-02.js","statementMap":{"0":{"start":{"line":8,"column":2},"end":{"line":8,"column":41}},"1":{"start":{"line":8,"column":31},"end":{"line":8,"column":41}},"2":{"start":{"line":9,"column":2},"end":{"line":9,"column":34}},"3":{"start":{"line":9,"column":24},"end":{"line":9,"column":34}},"4":{"start":{"line":11,"column":17},"end":{"line":11,"column":19}},"5":{"start":{"line":12,"column":20},"end":{"line":12,"column":41}},"6":{"start":{"line":13,"column":14},"end":{"line":13,"column":16}},"7":{"start":{"line":14,"column":2},"end":{"line":16,"column":5}},"8":{"start":{"line":15,"column":4},"end":{"line":15,"column":30}},"9":{"start":{"line":15,"column":18},"end":{"line":15,"column":30}},"10":{"start":{"line":17,"column":14},"end":{"line":17,"column":15}},"11":{"start":{"line":18,"column":2},"end":{"line":25,"column":3}},"12":{"start":{"line":18,"column":15},"end":{"line":18,"column":16}},"13":{"start":{"line":19,"column":16},"end":{"line":19,"column":22}},"14":{"start":{"line":20,"column":4},"end":{"line":22,"column":5}},"15":{"start":{"line":20,"column":17},"end":{"line":20,"column":18}},"16":{"start":{"line":21,"column":6},"end":{"line":21,"column":34}},"17":{"start":{"line":21,"column":26},"end":{"line":21,"column":34}},"18":{"start":{"line":23,"column":4},"end":{"line":23,"column":24}},"19":{"start":{"line":24,"column":4},"end":{"line":24,"column":14}},"20":{"start":{"line":26,"column":2},"end":{"line":26,"column":16}},"21":{"start":{"line":30,"column":33},"end":{"line":41,"column":1}},"22":{"start":{"line":31,"column":2},"end":{"line":31,"column":61}},"23":{"start":{"line":31,"column":51},"end":{"line":31,"column":61}},"24":{"start":{"line":33,"column":16},"end":{"line":33,"column":18}},"25":{"start":{"line":34,"column":2},"end":{"line":39,"column":7}},"26":{"start":{"line":36,"column":19},"end":{"line":36,"column":27}},"27":{"start":{"line":38,"column":6},"end":{"line":38,"column":45}},"28":{"start":{"line":40,"column":2},"end":{"line":40,"column":15}},"29":{"start":{"line":43,"column":33},"end":{"line":53,"column":1}},"30":{"start":{"line":44,"column":2},"end":{"line":44,"column":61}},"31":{"start":{"line":44,"column":51},"end":{"line":44,"column":61}},"32":{"start":{"line":46,"column":2},"end":{"line":52,"column":11}},"33":{"start":{"line":48,"column":19},"end":{"line":48,"column":27}},"34":{"start":{"line":50,"column":6},"end":{"line":50,"column":57}},"35":{"start":{"line":51,"column":6},"end":{"line":51,"column":20}}},"fnMap":{"0":{"name":"statisticsWords","decl":{"start":{"line":7,"column":16},"end":{"line":7,"column":31}},"loc":{"start":{"line":7,"column":37},"end":{"line":27,"column":1}},"line":7},"1":{"name":"(anonymous_1)","decl":{"start":{"line":14,"column":20},"end":{"line":14,"column":21}},"loc":{"start":{"line":14,"column":27},"end":{"line":16,"column":3}},"line":14},"2":{"name":"(anonymous_2)","decl":{"start":{"line":30,"column":33},"end":{"line":30,"column":34}},"loc":{"start":{"line":30,"column":42},"end":{"line":41,"column":1}},"line":30},"3":{"name":"(anonymous_3)","decl":{"start":{"line":36,"column":12},"end":{"line":36,"column":13}},"loc":{"start":{"line":36,"column":19},"end":{"line":36,"column":27}},"line":36},"4":{"name":"(anonymous_4)","decl":{"start":{"line":37,"column":13},"end":{"line":37,"column":14}},"loc":{"start":{"line":37,"column":20},"end":{"line":39,"column":5}},"line":37},"5":{"name":"(anonymous_5)","decl":{"start":{"line":43,"column":33},"end":{"line":43,"column":34}},"loc":{"start":{"line":43,"column":42},"end":{"line":53,"column":1}},"line":43},"6":{"name":"(anonymous_6)","decl":{"start":{"line":48,"column":12},"end":{"line":48,"column":13}},"loc":{"start":{"line":48,"column":19},"end":{"line":48,"column":27}},"line":48},"7":{"name":"(anonymous_7)","decl":{"start":{"line":49,"column":12},"end":{"line":49,"column":13}},"loc":{"start":{"line":49,"column":30},"end":{"line":52,"column":5}},"line":49}},"branchMap":{"0":{"loc":{"start":{"line":8,"column":2},"end":{"line":8,"column":41}},"type":"if","locations":[{"start":{"line":8,"column":2},"end":{"line":8,"column":41}},{"start":{"line":8,"column":2},"end":{"line":8,"column":41}}],"line":8},"1":{"loc":{"start":{"line":9,"column":2},"end":{"line":9,"column":34}},"type":"if","locations":[{"start":{"line":9,"column":2},"end":{"line":9,"column":34}},{"start":{"line":9,"column":2},"end":{"line":9,"column":34}}],"line":9},"2":{"loc":{"start":{"line":15,"column":4},"end":{"line":15,"column":30}},"type":"if","locations":[{"start":{"line":15,"column":4},"end":{"line":15,"column":30}},{"start":{"line":15,"column":4},"end":{"line":15,"column":30}}],"line":15},"3":{"loc":{"start":{"line":21,"column":6},"end":{"line":21,"column":34}},"type":"if","locations":[{"start":{"line":21,"column":6},"end":{"line":21,"column":34}},{"start":{"line":21,"column":6},"end":{"line":21,"column":34}}],"line":21},"4":{"loc":{"start":{"line":31,"column":2},"end":{"line":31,"column":61}},"type":"if","locations":[{"start":{"line":31,"column":2},"end":{"line":31,"column":61}},{"start":{"line":31,"column":2},"end":{"line":31,"column":61}}],"line":31},"5":{"loc":{"start":{"line":31,"column":6},"end":{"line":31,"column":49}},"type":"binary-expr","locations":[{"start":{"line":31,"column":6},"end":{"line":31,"column":29}},{"start":{"line":31,"column":33},"end":{"line":31,"column":49}}],"line":31},"6":{"loc":{"start":{"line":38,"column":17},"end":{"line":38,"column":44}},"type":"cond-expr","locations":[{"start":{"line":38,"column":28},"end":{"line":38,"column":40}},{"start":{"line":38,"column":43},"end":{"line":38,"column":44}}],"line":38},"7":{"loc":{"start":{"line":44,"column":2},"end":{"line":44,"column":61}},"type":"if","locations":[{"start":{"line":44,"column":2},"end":{"line":44,"column":61}},{"start":{"line":44,"column":2},"end":{"line":44,"column":61}}],"line":44},"8":{"loc":{"start":{"line":44,"column":6},"end":{"line":44,"column":49}},"type":"binary-expr","locations":[{"start":{"line":44,"column":6},"end":{"line":44,"column":29}},{"start":{"line":44,"column":33},"end":{"line":44,"column":49}}],"line":44},"9":{"loc":{"start":{"line":50,"column":21},"end":{"line":50,"column":56}},"type":"cond-expr","locations":[{"start":{"line":50,"column":36},"end":{"line":50,"column":52}},{"start":{"line":50,"column":55},"end":{"line":50,"column":56}}],"line":50}},"s":{"0":7,"1":2,"2":5,"3":1,"4":4,"5":4,"6":4,"7":4,"8":37,"9":16,"10":4,"11":4,"12":4,"13":16,"14":16,"15":16,"16":70,"17":24,"18":16,"19":16,"20":4,"21":1,"22":7,"23":3,"24":4,"25":4,"26":41,"27":16,"28":4,"29":1,"30":7,"31":3,"32":4,"33":41,"34":16,"35":16},"f":{"0":7,"1":37,"2":7,"3":41,"4":16,"5":7,"6":41,"7":16},"b":{"0":[2,5],"1":[1,4],"2":[16,21],"3":[24,46],"4":[3,4],"5":[7,5],"6":[4,12],"7":[3,4],"8":[7,5],"9":[4,12]},"_coverageSchema":"1a1c01bbd47fc00a2c39e90264f33305004495a9","hash":"6b6a7d494dca65254db03bcb6f311450e390acc2"}
,"E:\\learn\\Javascript Hau on udemy\\Source\\Labs\\section11 practice\\calc-sumN.js": {"path":"E:\\learn\\Javascript Hau on udemy\\Source\\Labs\\section11 practice\\calc-sumN.js","statementMap":{"0":{"start":{"line":2,"column":20},"end":{"line":11,"column":1}},"1":{"start":{"line":3,"column":2},"end":{"line":3,"column":23}},"2":{"start":{"line":3,"column":14},"end":{"line":3,"column":23}},"3":{"start":{"line":4,"column":2},"end":{"line":4,"column":39}},"4":{"start":{"line":4,"column":30},"end":{"line":4,"column":39}},"5":{"start":{"line":6,"column":12},"end":{"line":6,"column":13}},"6":{"start":{"line":7,"column":2},"end":{"line":9,"column":3}},"7":{"start":{"line":7,"column":15},"end":{"line":7,"column":16}},"8":{"start":{"line":8,"column":4},"end":{"line":8,"column":13}},"9":{"start":{"line":10,"column":2},"end":{"line":10,"column":13}},"10":{"start":{"line":15,"column":22},"end":{"line":20,"column":1}},"11":{"start":{"line":16,"column":2},"end":{"line":16,"column":23}},"12":{"start":{"line":16,"column":14},"end":{"line":16,"column":23}},"13":{"start":{"line":17,"column":2},"end":{"line":17,"column":39}},"14":{"start":{"line":17,"column":30},"end":{"line":17,"column":39}},"15":{"start":{"line":19,"column":2},"end":{"line":19,"column":27}}},"fnMap":{"0":{"name":"(anonymous_0)","decl":{"start":{"line":2,"column":20},"end":{"line":2,"column":21}},"loc":{"start":{"line":2,"column":27},"end":{"line":11,"column":1}},"line":2},"1":{"name":"(anonymous_1)","decl":{"start":{"line":15,"column":22},"end":{"line":15,"column":23}},"loc":{"start":{"line":15,"column":29},"end":{"line":20,"column":1}},"line":15}},"branchMap":{"0":{"loc":{"start":{"line":3,"column":2},"end":{"line":3,"column":23}},"type":"if","locations":[{"start":{"line":3,"column":2},"end":{"line":3,"column":23}},{"start":{"line":3,"column":2},"end":{"line":3,"column":23}}],"line":3},"1":{"loc":{"start":{"line":4,"column":2},"end":{"line":4,"column":39}},"type":"if","locations":[{"start":{"line":4,"column":2},"end":{"line":4,"column":39}},{"start":{"line":4,"column":2},"end":{"line":4,"column":39}}],"line":4},"2":{"loc":{"start":{"line":4,"column":6},"end":{"line":4,"column":28}},"type":"binary-expr","locations":[{"start":{"line":4,"column":6},"end":{"line":4,"column":15}},{"start":{"line":4,"column":19},"end":{"line":4,"column":28}}],"line":4},"3":{"loc":{"start":{"line":16,"column":2},"end":{"line":16,"column":23}},"type":"if","locations":[{"start":{"line":16,"column":2},"end":{"line":16,"column":23}},{"start":{"line":16,"column":2},"end":{"line":16,"column":23}}],"line":16},"4":{"loc":{"start":{"line":17,"column":2},"end":{"line":17,"column":39}},"type":"if","locations":[{"start":{"line":17,"column":2},"end":{"line":17,"column":39}},{"start":{"line":17,"column":2},"end":{"line":17,"column":39}}],"line":17},"5":{"loc":{"start":{"line":17,"column":6},"end":{"line":17,"column":28}},"type":"binary-expr","locations":[{"start":{"line":17,"column":6},"end":{"line":17,"column":15}},{"start":{"line":17,"column":19},"end":{"line":17,"column":28}}],"line":17}},"s":{"0":1,"1":10,"2":3,"3":7,"4":4,"5":3,"6":3,"7":3,"8":24,"9":3,"10":1,"11":10,"12":3,"13":7,"14":4,"15":3},"f":{"0":10,"1":10},"b":{"0":[3,7],"1":[4,3],"2":[7,7],"3":[3,7],"4":[4,3],"5":[7,7]},"_coverageSchema":"1a1c01bbd47fc00a2c39e90264f33305004495a9","hash":"e8e2028f50cd121792e720e214b903f45e52a7d5"}
,"E:\\learn\\Javascript Hau on udemy\\Source\\Labs\\section11 practice\\number-01.js": {"path":"E:\\learn\\Javascript Hau on udemy\\Source\\Labs\\section11 practice\\number-01.js","statementMap":{"0":{"start":{"line":11,"column":2},"end":{"line":11,"column":43}},"1":{"start":{"line":11,"column":30},"end":{"line":11,"column":43}},"2":{"start":{"line":12,"column":2},"end":{"line":12,"column":43}},"3":{"start":{"line":12,"column":30},"end":{"line":12,"column":43}},"4":{"start":{"line":14,"column":2},"end":{"line":14,"column":33}},"5":{"start":{"line":14,"column":20},"end":{"line":14,"column":33}},"6":{"start":{"line":15,"column":20},"end":{"line":15,"column":32}},"7":{"start":{"line":17,"column":2},"end":{"line":19,"column":3}},"8":{"start":{"line":17,"column":15},"end":{"line":17,"column":16}},"9":{"start":{"line":18,"column":4},"end":{"line":18,"column":57}},"10":{"start":{"line":18,"column":44},"end":{"line":18,"column":57}},"11":{"start":{"line":20,"column":2},"end":{"line":20,"column":14}}},"fnMap":{"0":{"name":"isIncreasingNumber","decl":{"start":{"line":10,"column":16},"end":{"line":10,"column":34}},"loc":{"start":{"line":10,"column":38},"end":{"line":21,"column":1}},"line":10}},"branchMap":{"0":{"loc":{"start":{"line":11,"column":2},"end":{"line":11,"column":43}},"type":"if","locations":[{"start":{"line":11,"column":2},"end":{"line":11,"column":43}},{"start":{"line":11,"column":2},"end":{"line":11,"column":43}}],"line":11},"1":{"loc":{"start":{"line":11,"column":6},"end":{"line":11,"column":28}},"type":"binary-expr","locations":[{"start":{"line":11,"column":6},"end":{"line":11,"column":12}},{"start":{"line":11,"column":16},"end":{"line":11,"column":28}}],"line":11},"2":{"loc":{"start":{"line":12,"column":2},"end":{"line":12,"column":43}},"type":"if","locations":[{"start":{"line":12,"column":2},"end":{"line":12,"column":43}},{"start":{"line":12,"column":2},"end":{"line":12,"column":43}}],"line":12},"3":{"loc":{"start":{"line":12,"column":6},"end":{"line":12,"column":28}},"type":"binary-expr","locations":[{"start":{"line":12,"column":6},"end":{"line":12,"column":15}},{"start":{"line":12,"column":19},"end":{"line":12,"column":28}}],"line":12},"4":{"loc":{"start":{"line":14,"column":2},"end":{"line":14,"column":33}},"type":"if","locations":[{"start":{"line":14,"column":2},"end":{"line":14,"column":33}},{"start":{"line":14,"column":2},"end":{"line":14,"column":33}}],"line":14},"5":{"loc":{"start":{"line":18,"column":4},"end":{"line":18,"column":57}},"type":"if","locations":[{"start":{"line":18,"column":4},"end":{"line":18,"column":57}},{"start":{"line":18,"column":4},"end":{"line":18,"column":57}}],"line":18}},"s":{"0":15,"1":5,"2":10,"3":0,"4":10,"5":0,"6":10,"7":10,"8":10,"9":20,"10":6,"11":4},"f":{"0":15},"b":{"0":[5,10],"1":[15,11],"2":[0,10],"3":[10,0],"4":[0,10],"5":[6,14]},"_coverageSchema":"1a1c01bbd47fc00a2c39e90264f33305004495a9","hash":"dd85cae5e62f37d7203977d3b1a30a6b886f1e0f"}
,"E:\\learn\\Javascript Hau on udemy\\Source\\Labs\\section11 practice\\number-02.js": {"path":"E:\\learn\\Javascript Hau on udemy\\Source\\Labs\\section11 practice\\number-02.js","statementMap":{"0":{"start":{"line":11,"column":34},"end":{"line":20,"column":1}},"1":{"start":{"line":12,"column":2},"end":{"line":12,"column":43}},"2":{"start":{"line":12,"column":30},"end":{"line":12,"column":43}},"3":{"start":{"line":13,"column":2},"end":{"line":13,"column":43}},"4":{"start":{"line":13,"column":30},"end":{"line":13,"column":43}},"5":{"start":{"line":15,"column":14},"end":{"line":15,"column":26}},"6":{"start":{"line":16,"column":2},"end":{"line":18,"column":3}},"7":{"start":{"line":16,"column":15},"end":{"line":16,"column":16}},"8":{"start":{"line":17,"column":4},"end":{"line":17,"column":45}},"9":{"start":{"line":17,"column":32},"end":{"line":17,"column":45}},"10":{"start":{"line":19,"column":2},"end":{"line":19,"column":14}}},"fnMap":{"0":{"name":"(anonymous_0)","decl":{"start":{"line":11,"column":34},"end":{"line":11,"column":35}},"loc":{"start":{"line":11,"column":41},"end":{"line":20,"column":1}},"line":11}},"branchMap":{"0":{"loc":{"start":{"line":12,"column":2},"end":{"line":12,"column":43}},"type":"if","locations":[{"start":{"line":12,"column":2},"end":{"line":12,"column":43}},{"start":{"line":12,"column":2},"end":{"line":12,"column":43}}],"line":12},"1":{"loc":{"start":{"line":12,"column":6},"end":{"line":12,"column":28}},"type":"binary-expr","locations":[{"start":{"line":12,"column":6},"end":{"line":12,"column":12}},{"start":{"line":12,"column":16},"end":{"line":12,"column":28}}],"line":12},"2":{"loc":{"start":{"line":13,"column":2},"end":{"line":13,"column":43}},"type":"if","locations":[{"start":{"line":13,"column":2},"end":{"line":13,"column":43}},{"start":{"line":13,"column":2},"end":{"line":13,"column":43}}],"line":13},"3":{"loc":{"start":{"line":13,"column":6},"end":{"line":13,"column":28}},"type":"binary-expr","locations":[{"start":{"line":13,"column":6},"end":{"line":13,"column":15}},{"start":{"line":13,"column":19},"end":{"line":13,"column":28}}],"line":13},"4":{"loc":{"start":{"line":17,"column":4},"end":{"line":17,"column":45}},"type":"if","locations":[{"start":{"line":17,"column":4},"end":{"line":17,"column":45}},{"start":{"line":17,"column":4},"end":{"line":17,"column":45}}],"line":17}},"s":{"0":1,"1":14,"2":4,"3":10,"4":0,"5":10,"6":10,"7":10,"8":30,"9":5,"10":5},"f":{"0":14},"b":{"0":[4,10],"1":[14,11],"2":[0,10],"3":[10,0],"4":[5,25]},"_coverageSchema":"1a1c01bbd47fc00a2c39e90264f33305004495a9","hash":"d68c08eae8912676b99841d3254894f47afd8739"}
,"E:\\learn\\Javascript Hau on udemy\\Source\\Labs\\section11 practice\\number-03.js": {"path":"E:\\learn\\Javascript Hau on udemy\\Source\\Labs\\section11 practice\\number-03.js","statementMap":{"0":{"start":{"line":15,"column":2},"end":{"line":15,"column":43}},"1":{"start":{"line":15,"column":30},"end":{"line":15,"column":43}},"2":{"start":{"line":16,"column":2},"end":{"line":16,"column":43}},"3":{"start":{"line":16,"column":30},"end":{"line":16,"column":43}},"4":{"start":{"line":17,"column":2},"end":{"line":17,"column":37}},"5":{"start":{"line":17,"column":24},"end":{"line":17,"column":37}},"6":{"start":{"line":18,"column":2},"end":{"line":18,"column":43}},"7":{"start":{"line":18,"column":30},"end":{"line":18,"column":43}},"8":{"start":{"line":20,"column":2},"end":{"line":20,"column":33}},"9":{"start":{"line":20,"column":20},"end":{"line":20,"column":33}},"10":{"start":{"line":21,"column":14},"end":{"line":21,"column":26}},"11":{"start":{"line":22,"column":2},"end":{"line":24,"column":3}},"12":{"start":{"line":22,"column":15},"end":{"line":22,"column":16}},"13":{"start":{"line":23,"column":4},"end":{"line":23,"column":75}},"14":{"start":{"line":23,"column":62},"end":{"line":23,"column":75}},"15":{"start":{"line":25,"column":2},"end":{"line":25,"column":14}}},"fnMap":{"0":{"name":"isIncreasingNumberByDistance","decl":{"start":{"line":14,"column":16},"end":{"line":14,"column":44}},"loc":{"start":{"line":14,"column":51},"end":{"line":26,"column":1}},"line":14}},"branchMap":{"0":{"loc":{"start":{"line":15,"column":2},"end":{"line":15,"column":43}},"type":"if","locations":[{"start":{"line":15,"column":2},"end":{"line":15,"column":43}},{"start":{"line":15,"column":2},"end":{"line":15,"column":43}}],"line":15},"1":{"loc":{"start":{"line":15,"column":6},"end":{"line":15,"column":28}},"type":"binary-expr","locations":[{"start":{"line":15,"column":6},"end":{"line":15,"column":12}},{"start":{"line":15,"column":16},"end":{"line":15,"column":28}}],"line":15},"2":{"loc":{"start":{"line":16,"column":2},"end":{"line":16,"column":43}},"type":"if","locations":[{"start":{"line":16,"column":2},"end":{"line":16,"column":43}},{"start":{"line":16,"column":2},"end":{"line":16,"column":43}}],"line":16},"3":{"loc":{"start":{"line":16,"column":6},"end":{"line":16,"column":28}},"type":"binary-expr","locations":[{"start":{"line":16,"column":6},"end":{"line":16,"column":15}},{"start":{"line":16,"column":19},"end":{"line":16,"column":28}}],"line":16},"4":{"loc":{"start":{"line":17,"column":2},"end":{"line":17,"column":37}},"type":"if","locations":[{"start":{"line":17,"column":2},"end":{"line":17,"column":37}},{"start":{"line":17,"column":2},"end":{"line":17,"column":37}}],"line":17},"5":{"loc":{"start":{"line":17,"column":6},"end":{"line":17,"column":22}},"type":"binary-expr","locations":[{"start":{"line":17,"column":6},"end":{"line":17,"column":12}},{"start":{"line":17,"column":16},"end":{"line":17,"column":22}}],"line":17},"6":{"loc":{"start":{"line":18,"column":2},"end":{"line":18,"column":43}},"type":"if","locations":[{"start":{"line":18,"column":2},"end":{"line":18,"column":43}},{"start":{"line":18,"column":2},"end":{"line":18,"column":43}}],"line":18},"7":{"loc":{"start":{"line":18,"column":6},"end":{"line":18,"column":28}},"type":"binary-expr","locations":[{"start":{"line":18,"column":6},"end":{"line":18,"column":15}},{"start":{"line":18,"column":19},"end":{"line":18,"column":28}}],"line":18},"8":{"loc":{"start":{"line":20,"column":2},"end":{"line":20,"column":33}},"type":"if","locations":[{"start":{"line":20,"column":2},"end":{"line":20,"column":33}},{"start":{"line":20,"column":2},"end":{"line":20,"column":33}}],"line":20},"9":{"loc":{"start":{"line":23,"column":4},"end":{"line":23,"column":75}},"type":"if","locations":[{"start":{"line":23,"column":4},"end":{"line":23,"column":75}},{"start":{"line":23,"column":4},"end":{"line":23,"column":75}}],"line":23},"10":{"loc":{"start":{"line":23,"column":8},"end":{"line":23,"column":60}},"type":"binary-expr","locations":[{"start":{"line":23,"column":8},"end":{"line":23,"column":35}},{"start":{"line":23,"column":39},"end":{"line":23,"column":60}}],"line":23}},"s":{"0":34,"1":10,"2":24,"3":4,"4":20,"5":4,"6":16,"7":1,"8":15,"9":0,"10":15,"11":15,"12":15,"13":28,"14":7,"15":8},"f":{"0":34},"b":{"0":[10,24],"1":[34,27],"2":[4,20],"3":[24,4],"4":[4,16],"5":[20,19],"6":[1,15],"7":[16,1],"8":[0,15],"9":[7,21],"10":[28,21]},"_coverageSchema":"1a1c01bbd47fc00a2c39e90264f33305004495a9","hash":"f54df4bc1f383ff86eaa3f6c852fe05fd3592036"}
,"E:\\learn\\Javascript Hau on udemy\\Source\\Labs\\section11 practice\\number-04.js": {"path":"E:\\learn\\Javascript Hau on udemy\\Source\\Labs\\section11 practice\\number-04.js","statementMap":{"0":{"start":{"line":10,"column":23},"end":{"line":20,"column":1}},"1":{"start":{"line":11,"column":2},"end":{"line":11,"column":42}},"2":{"start":{"line":11,"column":29},"end":{"line":11,"column":42}},"3":{"start":{"line":12,"column":2},"end":{"line":12,"column":43}},"4":{"start":{"line":12,"column":30},"end":{"line":12,"column":43}},"5":{"start":{"line":14,"column":2},"end":{"line":14,"column":27}},"6":{"start":{"line":14,"column":15},"end":{"line":14,"column":27}},"7":{"start":{"line":15,"column":16},"end":{"line":15,"column":28}},"8":{"start":{"line":16,"column":2},"end":{"line":18,"column":3}},"9":{"start":{"line":16,"column":15},"end":{"line":16,"column":16}},"10":{"start":{"line":17,"column":4},"end":{"line":17,"column":34}},"11":{"start":{"line":17,"column":21},"end":{"line":17,"column":34}},"12":{"start":{"line":19,"column":2},"end":{"line":19,"column":14}}},"fnMap":{"0":{"name":"(anonymous_0)","decl":{"start":{"line":10,"column":23},"end":{"line":10,"column":24}},"loc":{"start":{"line":10,"column":30},"end":{"line":20,"column":1}},"line":10}},"branchMap":{"0":{"loc":{"start":{"line":11,"column":2},"end":{"line":11,"column":42}},"type":"if","locations":[{"start":{"line":11,"column":2},"end":{"line":11,"column":42}},{"start":{"line":11,"column":2},"end":{"line":11,"column":42}}],"line":11},"1":{"loc":{"start":{"line":11,"column":6},"end":{"line":11,"column":27}},"type":"binary-expr","locations":[{"start":{"line":11,"column":6},"end":{"line":11,"column":12}},{"start":{"line":11,"column":16},"end":{"line":11,"column":27}}],"line":11},"2":{"loc":{"start":{"line":12,"column":2},"end":{"line":12,"column":43}},"type":"if","locations":[{"start":{"line":12,"column":2},"end":{"line":12,"column":43}},{"start":{"line":12,"column":2},"end":{"line":12,"column":43}}],"line":12},"3":{"loc":{"start":{"line":12,"column":6},"end":{"line":12,"column":28}},"type":"binary-expr","locations":[{"start":{"line":12,"column":6},"end":{"line":12,"column":15}},{"start":{"line":12,"column":19},"end":{"line":12,"column":28}}],"line":12},"4":{"loc":{"start":{"line":14,"column":2},"end":{"line":14,"column":27}},"type":"if","locations":[{"start":{"line":14,"column":2},"end":{"line":14,"column":27}},{"start":{"line":14,"column":2},"end":{"line":14,"column":27}}],"line":14},"5":{"loc":{"start":{"line":17,"column":4},"end":{"line":17,"column":34}},"type":"if","locations":[{"start":{"line":17,"column":4},"end":{"line":17,"column":34}},{"start":{"line":17,"column":4},"end":{"line":17,"column":34}}],"line":17}},"s":{"0":1,"1":18,"2":4,"3":14,"4":1,"5":13,"6":1,"7":12,"8":12,"9":12,"10":47,"11":5,"12":7},"f":{"0":18},"b":{"0":[4,14],"1":[18,15],"2":[1,13],"3":[14,1],"4":[1,12],"5":[5,42]},"_coverageSchema":"1a1c01bbd47fc00a2c39e90264f33305004495a9","hash":"aa497dc247e53eea3dd223b504bbf145802b230b"}
,"E:\\learn\\Javascript Hau on udemy\\Source\\Labs\\section11 practice\\number-05.js": {"path":"E:\\learn\\Javascript Hau on udemy\\Source\\Labs\\section11 practice\\number-05.js","statementMap":{"0":{"start":{"line":8,"column":2},"end":{"line":8,"column":42}},"1":{"start":{"line":8,"column":29},"end":{"line":8,"column":42}},"2":{"start":{"line":9,"column":2},"end":{"line":9,"column":43}},"3":{"start":{"line":9,"column":30},"end":{"line":9,"column":43}},"4":{"start":{"line":11,"column":16},"end":{"line":11,"column":28}},"5":{"start":{"line":12,"column":2},"end":{"line":12,"column":51}},"6":{"start":{"line":12,"column":38},"end":{"line":12,"column":51}},"7":{"start":{"line":13,"column":2},"end":{"line":13,"column":14}}},"fnMap":{"0":{"name":"isPerfectSquare","decl":{"start":{"line":7,"column":16},"end":{"line":7,"column":31}},"loc":{"start":{"line":7,"column":35},"end":{"line":14,"column":1}},"line":7}},"branchMap":{"0":{"loc":{"start":{"line":8,"column":2},"end":{"line":8,"column":42}},"type":"if","locations":[{"start":{"line":8,"column":2},"end":{"line":8,"column":42}},{"start":{"line":8,"column":2},"end":{"line":8,"column":42}}],"line":8},"1":{"loc":{"start":{"line":8,"column":6},"end":{"line":8,"column":27}},"type":"binary-expr","locations":[{"start":{"line":8,"column":6},"end":{"line":8,"column":12}},{"start":{"line":8,"column":16},"end":{"line":8,"column":27}}],"line":8},"2":{"loc":{"start":{"line":9,"column":2},"end":{"line":9,"column":43}},"type":"if","locations":[{"start":{"line":9,"column":2},"end":{"line":9,"column":43}},{"start":{"line":9,"column":2},"end":{"line":9,"column":43}}],"line":9},"3":{"loc":{"start":{"line":9,"column":6},"end":{"line":9,"column":28}},"type":"binary-expr","locations":[{"start":{"line":9,"column":6},"end":{"line":9,"column":15}},{"start":{"line":9,"column":19},"end":{"line":9,"column":28}}],"line":9},"4":{"loc":{"start":{"line":12,"column":2},"end":{"line":12,"column":51}},"type":"if","locations":[{"start":{"line":12,"column":2},"end":{"line":12,"column":51}},{"start":{"line":12,"column":2},"end":{"line":12,"column":51}}],"line":12},"5":{"loc":{"start":{"line":12,"column":6},"end":{"line":12,"column":36}},"type":"binary-expr","locations":[{"start":{"line":12,"column":6},"end":{"line":12,"column":19}},{"start":{"line":12,"column":23},"end":{"line":12,"column":36}}],"line":12}},"s":{"0":21,"1":3,"2":18,"3":1,"4":17,"5":17,"6":6,"7":11},"f":{"0":21},"b":{"0":[3,18],"1":[21,19],"2":[1,17],"3":[18,1],"4":[6,11],"5":[17,6]},"_coverageSchema":"1a1c01bbd47fc00a2c39e90264f33305004495a9","hash":"89a3ba70acfd9c5fcd58062cb654a7cd52f83784"}
,"E:\\learn\\Javascript Hau on udemy\\Source\\Labs\\section11 practice\\number-06.js": {"path":"E:\\learn\\Javascript Hau on udemy\\Source\\Labs\\section11 practice\\number-06.js","statementMap":{"0":{"start":{"line":9,"column":2},"end":{"line":9,"column":40}},"1":{"start":{"line":9,"column":27},"end":{"line":9,"column":40}},"2":{"start":{"line":10,"column":2},"end":{"line":10,"column":43}},"3":{"start":{"line":10,"column":30},"end":{"line":10,"column":43}},"4":{"start":{"line":12,"column":16},"end":{"line":12,"column":28}},"5":{"start":{"line":13,"column":12},"end":{"line":13,"column":13}},"6":{"start":{"line":14,"column":2},"end":{"line":19,"column":3}},"7":{"start":{"line":14,"column":15},"end":{"line":14,"column":16}},"8":{"start":{"line":15,"column":4},"end":{"line":18,"column":5}},"9":{"start":{"line":16,"column":6},"end":{"line":16,"column":15}},"10":{"start":{"line":17,"column":6},"end":{"line":17,"column":40}},"11":{"start":{"line":17,"column":27},"end":{"line":17,"column":40}},"12":{"start":{"line":20,"column":2},"end":{"line":20,"column":23}}},"fnMap":{"0":{"name":"isPerfectNumber","decl":{"start":{"line":8,"column":16},"end":{"line":8,"column":31}},"loc":{"start":{"line":8,"column":35},"end":{"line":21,"column":1}},"line":8}},"branchMap":{"0":{"loc":{"start":{"line":9,"column":2},"end":{"line":9,"column":40}},"type":"if","locations":[{"start":{"line":9,"column":2},"end":{"line":9,"column":40}},{"start":{"line":9,"column":2},"end":{"line":9,"column":40}}],"line":9},"1":{"loc":{"start":{"line":9,"column":6},"end":{"line":9,"column":25}},"type":"binary-expr","locations":[{"start":{"line":9,"column":6},"end":{"line":9,"column":12}},{"start":{"line":9,"column":16},"end":{"line":9,"column":25}}],"line":9},"2":{"loc":{"start":{"line":10,"column":2},"end":{"line":10,"column":43}},"type":"if","locations":[{"start":{"line":10,"column":2},"end":{"line":10,"column":43}},{"start":{"line":10,"column":2},"end":{"line":10,"column":43}}],"line":10},"3":{"loc":{"start":{"line":10,"column":6},"end":{"line":10,"column":28}},"type":"binary-expr","locations":[{"start":{"line":10,"column":6},"end":{"line":10,"column":15}},{"start":{"line":10,"column":19},"end":{"line":10,"column":28}}],"line":10},"4":{"loc":{"start":{"line":15,"column":4},"end":{"line":18,"column":5}},"type":"if","locations":[{"start":{"line":15,"column":4},"end":{"line":18,"column":5}},{"start":{"line":15,"column":4},"end":{"line":18,"column":5}}],"line":15},"5":{"loc":{"start":{"line":17,"column":6},"end":{"line":17,"column":40}},"type":"if","locations":[{"start":{"line":17,"column":6},"end":{"line":17,"column":40}},{"start":{"line":17,"column":6},"end":{"line":17,"column":40}}],"line":17}},"s":{"0":13,"1":4,"2":9,"3":1,"4":8,"5":8,"6":8,"7":8,"8":49,"9":20,"10":20,"11":18,"12":8},"f":{"0":13},"b":{"0":[4,9],"1":[13,10],"2":[1,8],"3":[9,1],"4":[20,29],"5":[18,2]},"_coverageSchema":"1a1c01bbd47fc00a2c39e90264f33305004495a9","hash":"ed05b7c80547c526aa89bac9004cfcd4263af003"}
,"E:\\learn\\Javascript Hau on udemy\\Source\\Labs\\section11 practice\\number-07.js": {"path":"E:\\learn\\Javascript Hau on udemy\\Source\\Labs\\section11 practice\\number-07.js","statementMap":{"0":{"start":{"line":11,"column":2},"end":{"line":11,"column":43}},"1":{"start":{"line":11,"column":30},"end":{"line":11,"column":43}},"2":{"start":{"line":12,"column":2},"end":{"line":12,"column":43}},"3":{"start":{"line":12,"column":30},"end":{"line":12,"column":43}},"4":{"start":{"line":14,"column":2},"end":{"line":14,"column":42}},"5":{"start":{"line":14,"column":30},"end":{"line":14,"column":42}},"6":{"start":{"line":15,"column":15},"end":{"line":15,"column":27}},"7":{"start":{"line":16,"column":12},"end":{"line":16,"column":14}},"8":{"start":{"line":17,"column":2},"end":{"line":20,"column":3}},"9":{"start":{"line":17,"column":15},"end":{"line":17,"column":16}},"10":{"start":{"line":18,"column":4},"end":{"line":18,"column":33}},"11":{"start":{"line":19,"column":4},"end":{"line":19,"column":21}},"12":{"start":{"line":21,"column":2},"end":{"line":21,"column":20}}},"fnMap":{"0":{"name":"isSymetricNumber","decl":{"start":{"line":10,"column":16},"end":{"line":10,"column":32}},"loc":{"start":{"line":10,"column":36},"end":{"line":22,"column":1}},"line":10}},"branchMap":{"0":{"loc":{"start":{"line":11,"column":2},"end":{"line":11,"column":43}},"type":"if","locations":[{"start":{"line":11,"column":2},"end":{"line":11,"column":43}},{"start":{"line":11,"column":2},"end":{"line":11,"column":43}}],"line":11},"1":{"loc":{"start":{"line":11,"column":6},"end":{"line":11,"column":28}},"type":"binary-expr","locations":[{"start":{"line":11,"column":6},"end":{"line":11,"column":12}},{"start":{"line":11,"column":16},"end":{"line":11,"column":28}}],"line":11},"2":{"loc":{"start":{"line":12,"column":2},"end":{"line":12,"column":43}},"type":"if","locations":[{"start":{"line":12,"column":2},"end":{"line":12,"column":43}},{"start":{"line":12,"column":2},"end":{"line":12,"column":43}}],"line":12},"3":{"loc":{"start":{"line":12,"column":6},"end":{"line":12,"column":28}},"type":"binary-expr","locations":[{"start":{"line":12,"column":6},"end":{"line":12,"column":15}},{"start":{"line":12,"column":19},"end":{"line":12,"column":28}}],"line":12},"4":{"loc":{"start":{"line":14,"column":2},"end":{"line":14,"column":42}},"type":"if","locations":[{"start":{"line":14,"column":2},"end":{"line":14,"column":42}},{"start":{"line":14,"column":2},"end":{"line":14,"column":42}}],"line":14},"5":{"loc":{"start":{"line":14,"column":6},"end":{"line":14,"column":28}},"type":"binary-expr","locations":[{"start":{"line":14,"column":6},"end":{"line":14,"column":12}},{"start":{"line":14,"column":16},"end":{"line":14,"column":28}}],"line":14}},"s":{"0":15,"1":4,"2":11,"3":1,"4":10,"5":3,"6":7,"7":7,"8":7,"9":7,"10":23,"11":23,"12":7},"f":{"0":15},"b":{"0":[4,11],"1":[15,12],"2":[1,10],"3":[11,1],"4":[3,7],"5":[10,10]},"_coverageSchema":"1a1c01bbd47fc00a2c39e90264f33305004495a9","hash":"a28e284fce0e596d0b4718297ffac15e6bf21099"}
,"E:\\learn\\Javascript Hau on udemy\\Source\\Labs\\section11 practice\\number-08.js": {"path":"E:\\learn\\Javascript Hau on udemy\\Source\\Labs\\section11 practice\\number-08.js","statementMap":{"0":{"start":{"line":8,"column":2},"end":{"line":8,"column":43}},"1":{"start":{"line":8,"column":30},"end":{"line":8,"column":43}},"2":{"start":{"line":9,"column":2},"end":{"line":9,"column":43}},"3":{"start":{"line":9,"column":30},"end":{"line":9,"column":43}},"4":{"start":{"line":11,"column":15},"end":{"line":11,"column":27}},"5":{"start":{"line":12,"column":12},"end":{"line":12,"column":13}},"6":{"start":{"line":13,"column":2},"end":{"line":15,"column":3}},"7":{"start":{"line":13,"column":15},"end":{"line":13,"column":16}},"8":{"start":{"line":14,"column":4},"end":{"line":14,"column":20}},"9":{"start":{"line":16,"column":2},"end":{"line":16,"column":24}}},"fnMap":{"0":{"name":"isDivisibleBy10","decl":{"start":{"line":7,"column":16},"end":{"line":7,"column":31}},"loc":{"start":{"line":7,"column":35},"end":{"line":17,"column":1}},"line":7}},"branchMap":{"0":{"loc":{"start":{"line":8,"column":2},"end":{"line":8,"column":43}},"type":"if","locations":[{"start":{"line":8,"column":2},"end":{"line":8,"column":43}},{"start":{"line":8,"column":2},"end":{"line":8,"column":43}}],"line":8},"1":{"loc":{"start":{"line":8,"column":6},"end":{"line":8,"column":28}},"type":"binary-expr","locations":[{"start":{"line":8,"column":6},"end":{"line":8,"column":12}},{"start":{"line":8,"column":16},"end":{"line":8,"column":28}}],"line":8},"2":{"loc":{"start":{"line":9,"column":2},"end":{"line":9,"column":43}},"type":"if","locations":[{"start":{"line":9,"column":2},"end":{"line":9,"column":43}},{"start":{"line":9,"column":2},"end":{"line":9,"column":43}}],"line":9},"3":{"loc":{"start":{"line":9,"column":6},"end":{"line":9,"column":28}},"type":"binary-expr","locations":[{"start":{"line":9,"column":6},"end":{"line":9,"column":15}},{"start":{"line":9,"column":19},"end":{"line":9,"column":28}}],"line":9}},"s":{"0":15,"1":6,"2":9,"3":0,"4":9,"5":9,"6":9,"7":9,"8":30,"9":9},"f":{"0":15},"b":{"0":[6,9],"1":[15,10],"2":[0,9],"3":[9,0]},"_coverageSchema":"1a1c01bbd47fc00a2c39e90264f33305004495a9","hash":"7952bd989864f9f30ad336fdceda600e2d50a15a"}
,"E:\\learn\\Javascript Hau on udemy\\Source\\Labs\\section11 practice\\number-09.js": {"path":"E:\\learn\\Javascript Hau on udemy\\Source\\Labs\\section11 practice\\number-09.js","statementMap":{"0":{"start":{"line":9,"column":2},"end":{"line":9,"column":43}},"1":{"start":{"line":9,"column":30},"end":{"line":9,"column":43}},"2":{"start":{"line":10,"column":2},"end":{"line":10,"column":43}},"3":{"start":{"line":10,"column":30},"end":{"line":10,"column":43}},"4":{"start":{"line":12,"column":2},"end":{"line":12,"column":42}},"5":{"start":{"line":12,"column":29},"end":{"line":12,"column":42}},"6":{"start":{"line":13,"column":2},"end":{"line":13,"column":45}},"7":{"start":{"line":13,"column":32},"end":{"line":13,"column":45}},"8":{"start":{"line":15,"column":14},"end":{"line":15,"column":26}},"9":{"start":{"line":16,"column":2},"end":{"line":20,"column":3}},"10":{"start":{"line":16,"column":15},"end":{"line":16,"column":16}},"11":{"start":{"line":17,"column":4},"end":{"line":19,"column":5}},"12":{"start":{"line":17,"column":17},"end":{"line":17,"column":18}},"13":{"start":{"line":18,"column":6},"end":{"line":18,"column":53}},"14":{"start":{"line":18,"column":41},"end":{"line":18,"column":53}},"15":{"start":{"line":21,"column":2},"end":{"line":21,"column":15}}},"fnMap":{"0":{"name":"hasTwoDigitsWithSum","decl":{"start":{"line":8,"column":16},"end":{"line":8,"column":35}},"loc":{"start":{"line":8,"column":44},"end":{"line":22,"column":1}},"line":8}},"branchMap":{"0":{"loc":{"start":{"line":9,"column":2},"end":{"line":9,"column":43}},"type":"if","locations":[{"start":{"line":9,"column":2},"end":{"line":9,"column":43}},{"start":{"line":9,"column":2},"end":{"line":9,"column":43}}],"line":9},"1":{"loc":{"start":{"line":9,"column":6},"end":{"line":9,"column":28}},"type":"binary-expr","locations":[{"start":{"line":9,"column":6},"end":{"line":9,"column":12}},{"start":{"line":9,"column":16},"end":{"line":9,"column":28}}],"line":9},"2":{"loc":{"start":{"line":10,"column":2},"end":{"line":10,"column":43}},"type":"if","locations":[{"start":{"line":10,"column":2},"end":{"line":10,"column":43}},{"start":{"line":10,"column":2},"end":{"line":10,"column":43}}],"line":10},"3":{"loc":{"start":{"line":10,"column":6},"end":{"line":10,"column":28}},"type":"binary-expr","locations":[{"start":{"line":10,"column":6},"end":{"line":10,"column":15}},{"start":{"line":10,"column":19},"end":{"line":10,"column":28}}],"line":10},"4":{"loc":{"start":{"line":12,"column":2},"end":{"line":12,"column":42}},"type":"if","locations":[{"start":{"line":12,"column":2},"end":{"line":12,"column":42}},{"start":{"line":12,"column":2},"end":{"line":12,"column":42}}],"line":12},"5":{"loc":{"start":{"line":12,"column":6},"end":{"line":12,"column":27}},"type":"binary-expr","locations":[{"start":{"line":12,"column":6},"end":{"line":12,"column":14}},{"start":{"line":12,"column":18},"end":{"line":12,"column":27}}],"line":12},"6":{"loc":{"start":{"line":13,"column":2},"end":{"line":13,"column":45}},"type":"if","locations":[{"start":{"line":13,"column":2},"end":{"line":13,"column":45}},{"start":{"line":13,"column":2},"end":{"line":13,"column":45}}],"line":13},"7":{"loc":{"start":{"line":13,"column":6},"end":{"line":13,"column":30}},"type":"binary-expr","locations":[{"start":{"line":13,"column":6},"end":{"line":13,"column":17}},{"start":{"line":13,"column":21},"end":{"line":13,"column":30}}],"line":13},"8":{"loc":{"start":{"line":18,"column":6},"end":{"line":18,"column":53}},"type":"if","locations":[{"start":{"line":18,"column":6},"end":{"line":18,"column":53}},{"start":{"line":18,"column":6},"end":{"line":18,"column":53}}],"line":18}},"s":{"0":17,"1":4,"2":13,"3":1,"4":12,"5":0,"6":12,"7":0,"8":12,"9":12,"10":12,"11":32,"12":32,"13":83,"14":7,"15":5},"f":{"0":17},"b":{"0":[4,13],"1":[17,14],"2":[1,12],"3":[13,1],"4":[0,12],"5":[12,12],"6":[0,12],"7":[12,0],"8":[7,76]},"_coverageSchema":"1a1c01bbd47fc00a2c39e90264f33305004495a9","hash":"f5c42e63d9d60b61589e0b13b9cf14750bd275b3"}
}
