TN:
SF:main.js
FN:2,(anonymous_0)
FN:20,(anonymous_1)
FN:32,(anonymous_2)
FNF:3
FNH:3
FNDA:9,(anonymous_0)
FNDA:10,(anonymous_1)
FNDA:30,(anonymous_2)
DA:2,1
DA:3,9
DA:5,7
DA:6,7
DA:7,11
DA:9,3
DA:20,1
DA:21,10
DA:23,7
DA:24,5
DA:25,5
DA:26,5
DA:27,17
DA:28,10
DA:29,10
DA:32,30
DA:33,5
DA:35,1
LF:18
LH:18
BRDA:3,0,0,2
BRDA:3,0,1,7
BRDA:7,1,0,4
BRDA:7,1,1,7
BRDA:21,2,0,3
BRDA:21,2,1,7
BRDA:21,3,0,10
BRDA:21,3,1,8
BRDA:23,4,0,2
BRDA:23,4,1,5
BRDA:27,5,0,10
BRDA:27,5,1,7
BRDA:29,6,0,10
BRDA:29,6,1,0
BRF:14
BRH:13
end_of_record
TN:
SF:sum.js
FN:1,sum
FNF:1
FNH:1
FNDA:3,sum
DA:2,3
LF:1
LH:1
BRF:0
BRH:0
end_of_record
TN:
SF:section10 unit test\main.js
FN:2,(anonymous_0)
FNF:1
FNH:1
FNDA:9,(anonymous_0)
DA:2,1
DA:3,9
DA:5,7
DA:6,7
DA:7,11
DA:9,3
LF:6
LH:6
BRDA:3,0,0,2
BRDA:3,0,1,7
BRDA:7,1,0,4
BRDA:7,1,1,7
BRF:4
BRH:4
end_of_record
TN:
SF:section11 exercise\array-check-07.js
FN:10,hasAlice
FN:14,(anonymous_1)
FNF:2
FNH:2
FNDA:7,hasAlice
FNDA:8,(anonymous_1)
DA:11,7
DA:13,4
DA:14,4
DA:15,8
DA:17,4
LF:5
LH:5
BRDA:11,0,0,3
BRDA:11,0,1,4
BRDA:11,1,0,7
BRDA:11,1,1,5
BRDA:15,2,0,2
BRDA:15,2,1,6
BRDA:15,3,0,8
BRDA:15,3,1,2
BRF:8
BRH:8
end_of_record
TN:
SF:section11 exercise\array-find-09.js
FN:9,findStudentById
FN:15,(anonymous_1)
FN:22,findStudentByIdV2
FN:27,(anonymous_3)
FN:31,findStudentByIdV3
FN:36,(anonymous_5)
FNF:6
FNH:6
FNDA:10,findStudentById
FNDA:10,(anonymous_1)
FNDA:10,findStudentByIdV2
FNDA:9,(anonymous_3)
FNDA:10,findStudentByIdV3
FNDA:10,(anonymous_5)
DA:10,10
DA:11,5
DA:12,5
DA:14,5
DA:15,5
DA:16,10
DA:18,5
DA:23,10
DA:24,5
DA:25,5
DA:27,9
DA:28,5
DA:32,10
DA:33,5
DA:34,5
DA:36,5
DA:37,10
DA:38,10
LF:18
LH:18
BRDA:10,0,0,5
BRDA:10,0,1,5
BRDA:10,1,0,10
BRDA:10,1,1,8
BRDA:11,2,0,0
BRDA:11,2,1,5
BRDA:12,3,0,0
BRDA:12,3,1,5
BRDA:12,4,0,5
BRDA:12,4,1,0
BRDA:16,5,0,2
BRDA:16,5,1,8
BRDA:23,6,0,5
BRDA:23,6,1,5
BRDA:23,7,0,10
BRDA:23,7,1,8
BRDA:24,8,0,0
BRDA:24,8,1,5
BRDA:25,9,0,0
BRDA:25,9,1,5
BRDA:25,10,0,5
BRDA:25,10,1,0
BRDA:28,11,0,2
BRDA:28,11,1,3
BRDA:32,12,0,5
BRDA:32,12,1,5
BRDA:32,13,0,10
BRDA:32,13,1,8
BRDA:33,14,0,0
BRDA:33,14,1,5
BRDA:34,15,0,0
BRDA:34,15,1,5
BRDA:34,16,0,5
BRDA:34,16,1,0
BRDA:37,17,0,2
BRDA:37,17,1,8
BRF:36
BRH:27
end_of_record
TN:
SF:section11 exercise\string-02.js
FN:7,statisticsWords
FN:14,(anonymous_1)
FN:30,(anonymous_2)
FN:36,(anonymous_3)
FN:37,(anonymous_4)
FN:43,(anonymous_5)
FN:48,(anonymous_6)
FN:49,(anonymous_7)
FNF:8
FNH:8
FNDA:7,statisticsWords
FNDA:37,(anonymous_1)
FNDA:7,(anonymous_2)
FNDA:41,(anonymous_3)
FNDA:16,(anonymous_4)
FNDA:7,(anonymous_5)
FNDA:41,(anonymous_6)
FNDA:16,(anonymous_7)
DA:8,7
DA:9,5
DA:11,4
DA:12,4
DA:13,4
DA:14,4
DA:15,37
DA:17,4
DA:18,4
DA:19,16
DA:20,16
DA:21,70
DA:23,16
DA:24,16
DA:26,4
DA:30,1
DA:31,7
DA:33,4
DA:34,4
DA:36,41
DA:38,16
DA:40,4
DA:43,1
DA:44,7
DA:46,4
DA:48,41
DA:50,16
DA:51,16
LF:28
LH:28
BRDA:8,0,0,2
BRDA:8,0,1,5
BRDA:9,1,0,1
BRDA:9,1,1,4
BRDA:15,2,0,16
BRDA:15,2,1,21
BRDA:21,3,0,24
BRDA:21,3,1,46
BRDA:31,4,0,3
BRDA:31,4,1,4
BRDA:31,5,0,7
BRDA:31,5,1,5
BRDA:38,6,0,4
BRDA:38,6,1,12
BRDA:44,7,0,3
BRDA:44,7,1,4
BRDA:44,8,0,7
BRDA:44,8,1,5
BRDA:50,9,0,4
BRDA:50,9,1,12
BRF:20
BRH:20
end_of_record
TN:
SF:section11 practice\calc-sumN.js
FN:2,(anonymous_0)
FN:15,(anonymous_1)
FNF:2
FNH:2
FNDA:10,(anonymous_0)
FNDA:10,(anonymous_1)
DA:2,1
DA:3,10
DA:4,7
DA:6,3
DA:7,3
DA:8,24
DA:10,3
DA:15,1
DA:16,10
DA:17,7
DA:19,3
LF:11
LH:11
BRDA:3,0,0,3
BRDA:3,0,1,7
BRDA:4,1,0,4
BRDA:4,1,1,3
BRDA:4,2,0,7
BRDA:4,2,1,7
BRDA:16,3,0,3
BRDA:16,3,1,7
BRDA:17,4,0,4
BRDA:17,4,1,3
BRDA:17,5,0,7
BRDA:17,5,1,7
BRF:12
BRH:12
end_of_record
TN:
SF:section11 practice\number-01.js
FN:10,isIncreasingNumber
FNF:1
FNH:1
FNDA:15,isIncreasingNumber
DA:11,15
DA:12,10
DA:14,10
DA:15,10
DA:17,10
DA:18,20
DA:20,4
LF:7
LH:7
BRDA:11,0,0,5
BRDA:11,0,1,10
BRDA:11,1,0,15
BRDA:11,1,1,11
BRDA:12,2,0,0
BRDA:12,2,1,10
BRDA:12,3,0,10
BRDA:12,3,1,0
BRDA:14,4,0,0
BRDA:14,4,1,10
BRDA:18,5,0,6
BRDA:18,5,1,14
BRF:12
BRH:9
end_of_record
TN:
SF:section11 practice\number-02.js
FN:11,(anonymous_0)
FNF:1
FNH:1
FNDA:14,(anonymous_0)
DA:11,1
DA:12,14
DA:13,10
DA:15,10
DA:16,10
DA:17,30
DA:19,5
LF:7
LH:7
BRDA:12,0,0,4
BRDA:12,0,1,10
BRDA:12,1,0,14
BRDA:12,1,1,11
BRDA:13,2,0,0
BRDA:13,2,1,10
BRDA:13,3,0,10
BRDA:13,3,1,0
BRDA:17,4,0,5
BRDA:17,4,1,25
BRF:10
BRH:8
end_of_record
TN:
SF:section11 practice\number-03.js
FN:14,isIncreasingNumberByDistance
FNF:1
FNH:1
FNDA:34,isIncreasingNumberByDistance
DA:15,34
DA:16,24
DA:17,20
DA:18,16
DA:20,15
DA:21,15
DA:22,15
DA:23,28
DA:25,8
LF:9
LH:9
BRDA:15,0,0,10
BRDA:15,0,1,24
BRDA:15,1,0,34
BRDA:15,1,1,27
BRDA:16,2,0,4
BRDA:16,2,1,20
BRDA:16,3,0,24
BRDA:16,3,1,4
BRDA:17,4,0,4
BRDA:17,4,1,16
BRDA:17,5,0,20
BRDA:17,5,1,19
BRDA:18,6,0,1
BRDA:18,6,1,15
BRDA:18,7,0,16
BRDA:18,7,1,1
BRDA:20,8,0,0
BRDA:20,8,1,15
BRDA:23,9,0,7
BRDA:23,9,1,21
BRDA:23,10,0,28
BRDA:23,10,1,21
BRF:22
BRH:21
end_of_record
TN:
SF:section11 practice\number-04.js
FN:10,(anonymous_0)
FNF:1
FNH:1
FNDA:18,(anonymous_0)
DA:10,1
DA:11,18
DA:12,14
DA:14,13
DA:15,12
DA:16,12
DA:17,47
DA:19,7
LF:8
LH:8
BRDA:11,0,0,4
BRDA:11,0,1,14
BRDA:11,1,0,18
BRDA:11,1,1,15
BRDA:12,2,0,1
BRDA:12,2,1,13
BRDA:12,3,0,14
BRDA:12,3,1,1
BRDA:14,4,0,1
BRDA:14,4,1,12
BRDA:17,5,0,5
BRDA:17,5,1,42
BRF:12
BRH:12
end_of_record
TN:
SF:section11 practice\number-05.js
FN:7,isPerfectSquare
FNF:1
FNH:1
FNDA:21,isPerfectSquare
DA:8,21
DA:9,18
DA:11,17
DA:12,17
DA:13,11
LF:5
LH:5
BRDA:8,0,0,3
BRDA:8,0,1,18
BRDA:8,1,0,21
BRDA:8,1,1,19
BRDA:9,2,0,1
BRDA:9,2,1,17
BRDA:9,3,0,18
BRDA:9,3,1,1
BRDA:12,4,0,6
BRDA:12,4,1,11
BRDA:12,5,0,17
BRDA:12,5,1,6
BRF:12
BRH:12
end_of_record
TN:
SF:section11 practice\number-06.js
FN:8,isPerfectNumber
FNF:1
FNH:1
FNDA:13,isPerfectNumber
DA:9,13
DA:10,9
DA:12,8
DA:13,8
DA:14,8
DA:15,49
DA:16,20
DA:17,20
DA:20,8
LF:9
LH:9
BRDA:9,0,0,4
BRDA:9,0,1,9
BRDA:9,1,0,13
BRDA:9,1,1,10
BRDA:10,2,0,1
BRDA:10,2,1,8
BRDA:10,3,0,9
BRDA:10,3,1,1
BRDA:15,4,0,20
BRDA:15,4,1,29
BRDA:17,5,0,18
BRDA:17,5,1,2
BRF:12
BRH:12
end_of_record
TN:
SF:section11 practice\number-07.js
FN:10,isSymetricNumber
FNF:1
FNH:1
FNDA:15,isSymetricNumber
DA:11,15
DA:12,11
DA:14,10
DA:15,7
DA:16,7
DA:17,7
DA:18,23
DA:19,23
DA:21,7
LF:9
LH:9
BRDA:11,0,0,4
BRDA:11,0,1,11
BRDA:11,1,0,15
BRDA:11,1,1,12
BRDA:12,2,0,1
BRDA:12,2,1,10
BRDA:12,3,0,11
BRDA:12,3,1,1
BRDA:14,4,0,3
BRDA:14,4,1,7
BRDA:14,5,0,10
BRDA:14,5,1,10
BRF:12
BRH:12
end_of_record
TN:
SF:section11 practice\number-08.js
FN:7,isDivisibleBy10
FNF:1
FNH:1
FNDA:15,isDivisibleBy10
DA:8,15
DA:9,9
DA:11,9
DA:12,9
DA:13,9
DA:14,30
DA:16,9
LF:7
LH:7
BRDA:8,0,0,6
BRDA:8,0,1,9
BRDA:8,1,0,15
BRDA:8,1,1,10
BRDA:9,2,0,0
BRDA:9,2,1,9
BRDA:9,3,0,9
BRDA:9,3,1,0
BRF:8
BRH:6
end_of_record
TN:
SF:section11 practice\number-09.js
FN:8,hasTwoDigitsWithSum
FNF:1
FNH:1
FNDA:17,hasTwoDigitsWithSum
DA:9,17
DA:10,13
DA:12,12
DA:13,12
DA:15,12
DA:16,12
DA:17,32
DA:18,83
DA:21,5
LF:9
LH:9
BRDA:9,0,0,4
BRDA:9,0,1,13
BRDA:9,1,0,17
BRDA:9,1,1,14
BRDA:10,2,0,1
BRDA:10,2,1,12
BRDA:10,3,0,13
BRDA:10,3,1,1
BRDA:12,4,0,0
BRDA:12,4,1,12
BRDA:12,5,0,12
BRDA:12,5,1,12
BRDA:13,6,0,0
BRDA:13,6,1,12
BRDA:13,7,0,12
BRDA:13,7,1,0
BRDA:18,8,0,7
BRDA:18,8,1,76
BRF:18
BRH:15
end_of_record
